Using pre-set license
Built from '2020.3/staging' branch; Version is '2020.3.9f1 (108be757e447) revision 1084391'; Using compiler version '192528614'; Build Type 'Release'
OS: 'Windows 10 Home; OS build 19043.1466; Version 2009; 64bit' Language: 'en' Physical Memory: 16300 MB
BatchMode: 1, IsHumanControllingUs: 0, StartBugReporterOnCrash: 0, Is64bit: 1, IsPro: 0

 COMMAND LINE ARGUMENTS:
C:\Program Files\Unity\Hub\Editor\2020.3.9f1\Editor\Unity.exe
-adb2
-batchMode
-noUpm
-name
AssetImportWorker0
-projectPath
D:/Game/tutorialGrid
-logFile
Logs/AssetImportWorker0.log
-srvPort
65247
Successfully changed project path to: D:/Game/tutorialGrid
D:/Game/tutorialGrid
Using Asset Import Pipeline V2.
Refreshing native plugins compatible for Editor in 22.10 ms, found 0 plugins.
Preloading 0 native plugins for Editor in 0.00 ms.
Initialize engine version: 2020.3.9f1 (108be757e447)
[Subsystems] Discovering subsystems at path C:/Program Files/Unity/Hub/Editor/2020.3.9f1/Editor/Data/Resources/UnitySubsystems
[Subsystems] Discovering subsystems at path D:/Game/tutorialGrid/Assets
GfxDevice: creating device client; threaded=0
Direct3D:
    Version:  Direct3D 11.0 [level 11.1]
    Renderer: NVIDIA GeForce RTX 2080 SUPER (ID=0x1e81)
    Vendor:   
    VRAM:     8010 MB
    Driver:   27.21.14.6089
Initialize mono
Mono path[0] = 'C:/Program Files/Unity/Hub/Editor/2020.3.9f1/Editor/Data/Managed'
Mono path[1] = 'C:/Program Files/Unity/Hub/Editor/2020.3.9f1/Editor/Data/MonoBleedingEdge/lib/mono/unityjit'
Mono config path = 'C:/Program Files/Unity/Hub/Editor/2020.3.9f1/Editor/Data/MonoBleedingEdge/etc'
Using monoOptions --debugger-agent=transport=dt_socket,embedding=1,server=y,suspend=n,address=127.0.0.1:56052
Begin MonoManager ReloadAssembly
Registering precompiled unity dll's ...
Register platform support module: C:/Program Files/Unity/Hub/Editor/2020.3.9f1/Editor/Data/PlaybackEngines/WindowsStandaloneSupport/UnityEditor.WindowsStandalone.Extensions.dll
Registered in 0.001863 seconds.
Native extension for WindowsStandalone target not found
Refreshing native plugins compatible for Editor in 22.73 ms, found 0 plugins.
Preloading 0 native plugins for Editor in 0.00 ms.
Mono: successfully reloaded assembly
- Completed reload, in  1.105 seconds
Platform modules already initialized, skipping
Registering precompiled user dll's ...
Registered in 0.000444 seconds.
Begin MonoManager ReloadAssembly
Native extension for WindowsStandalone target not found
Refreshing native plugins compatible for Editor in 0.18 ms, found 0 plugins.
Preloading 0 native plugins for Editor in 0.00 ms.
Mono: successfully reloaded assembly
- Completed reload, in  0.813 seconds
Platform modules already initialized, skipping
========================================================================
Worker process is ready to serve import requests
Launched and connected shader compiler UnityShaderCompiler.exe after 0.04 seconds
Refreshing native plugins compatible for Editor in 0.17 ms, found 0 plugins.
Preloading 0 native plugins for Editor in 0.00 ms.
Unloading 1115 Unused Serialized files (Serialized files now loaded: 0)
System memory in use before: 57.2 MB.
System memory in use after: 57.2 MB.

Unloading 10 unused Assets to reduce memory usage. Loaded Objects now: 1557.
Total: 1.479600 ms (FindLiveObjects: 0.171100 ms CreateObjectMapping: 0.044600 ms MarkObjects: 1.199700 ms  DeleteObjects: 0.063200 ms)

========================================================================
Received Import Request.
  path: ProjectSettings/TagManager.asset
  artifactKey: Guid(00000000000000003000000000000000) Importer(815301076,1909f56bfc062723c751e8b465ee728b)
Start importing ProjectSettings/TagManager.asset using Guid(00000000000000003000000000000000) Importer(815301076,1909f56bfc062723c751e8b465ee728b)  -> (artifact id: 'ce6a35c3cddc746e7501c0bd0ed6d4ce') in 0.042785 seconds
  Import took 0.063592 seconds .

========================================================================
Received Prepare
Registering precompiled user dll's ...
Registered in 0.000423 seconds.
Begin MonoManager ReloadAssembly
Native extension for WindowsStandalone target not found
Refreshing native plugins compatible for Editor in 0.18 ms, found 0 plugins.
Preloading 0 native plugins for Editor in 0.00 ms.
Mono: successfully reloaded assembly
- Completed reload, in  0.754 seconds
Platform modules already initialized, skipping
Refreshing native plugins compatible for Editor in 0.18 ms, found 0 plugins.
Preloading 0 native plugins for Editor in 0.00 ms.
Unloading 1110 Unused Serialized files (Serialized files now loaded: 0)
System memory in use before: 57.1 MB.
System memory in use after: 57.2 MB.

Unloading 6 unused Assets to reduce memory usage. Loaded Objects now: 1560.
Total: 1.392800 ms (FindLiveObjects: 0.103100 ms CreateObjectMapping: 0.031500 ms MarkObjects: 1.212900 ms  DeleteObjects: 0.044300 ms)

========================================================================
Received Import Request.
  Time since last request: 913.515730 seconds.
  path: Assets/r
  artifactKey: Guid(c8f2f19afb33b1a4fbbc7056beb247fb) Importer(815301076,1909f56bfc062723c751e8b465ee728b)
Start importing Assets/r using Guid(c8f2f19afb33b1a4fbbc7056beb247fb) Importer(815301076,1909f56bfc062723c751e8b465ee728b)  -> (artifact id: '10761ea72004d2258a8a1a75d795a87a') in 0.007667 seconds
  Import took 0.020048 seconds .

========================================================================
Received Import Request.
  Time since last request: 22.858783 seconds.
  path: Assets/Resources
  artifactKey: Guid(fa6ea9bc44ce9c94983a84edb91f316e) Importer(815301076,1909f56bfc062723c751e8b465ee728b)
Start importing Assets/Resources using Guid(fa6ea9bc44ce9c94983a84edb91f316e) Importer(815301076,1909f56bfc062723c751e8b465ee728b)  -> (artifact id: '8159e1a71932649f5bfbaee5cd9e3e6b') in 0.006560 seconds
  Import took 0.008474 seconds .

========================================================================
Received Import Request.
  Time since last request: 51.385846 seconds.
  path: Assets/Resources/tile.mat
  artifactKey: Guid(50f005c511f7cde47bf9898c4873ae31) Importer(815301076,1909f56bfc062723c751e8b465ee728b)
Start importing Assets/Resources/tile.mat using Guid(50f005c511f7cde47bf9898c4873ae31) Importer(815301076,1909f56bfc062723c751e8b465ee728b)  -> (artifact id: '4049420d2fd6d7d96806a0543702aafd') in 0.098734 seconds
  Import took 0.113847 seconds .

========================================================================
Received Import Request.
  Time since last request: 69.872181 seconds.
  path: Assets/Resources/fish thing.png
  artifactKey: Guid(647b7f8e88cb9ce4588221454e48bd39) Importer(815301076,1909f56bfc062723c751e8b465ee728b)
Start importing Assets/Resources/fish thing.png using Guid(647b7f8e88cb9ce4588221454e48bd39) Importer(815301076,1909f56bfc062723c751e8b465ee728b)  -> (artifact id: '5a8f5b476142226f5ec8f29d87cd7b47') in 0.029266 seconds
  Import took 0.030967 seconds .

========================================================================
Received Import Request.
  Time since last request: 8.215244 seconds.
  path: Assets
  artifactKey: Guid(00000000000000001000000000000000) Importer(815301076,1909f56bfc062723c751e8b465ee728b)
Start importing Assets using Guid(00000000000000001000000000000000) Importer(815301076,1909f56bfc062723c751e8b465ee728b)  -> (artifact id: '42d402b061de3733987d63b9cc3b64de') in 0.014072 seconds
  Import took 0.017530 seconds .

========================================================================
Received Import Request.
  Time since last request: 30.459637 seconds.
  path: Assets/scripts
  artifactKey: Guid(419b9d916a396dc4988599334ccd719a) Importer(815301076,1909f56bfc062723c751e8b465ee728b)
Start importing Assets/scripts using Guid(419b9d916a396dc4988599334ccd719a) Importer(815301076,1909f56bfc062723c751e8b465ee728b)  -> (artifact id: '97123b85b46830b012c7ce28a68fa855') in 0.006131 seconds
  Import took 0.018109 seconds .

========================================================================
Received Import Request.
  Time since last request: 4.605898 seconds.
  path: Assets/scripts/New Folder
  artifactKey: Guid(2424ed8d50f211b4684afef442a48dbd) Importer(815301076,1909f56bfc062723c751e8b465ee728b)
Start importing Assets/scripts/New Folder using Guid(2424ed8d50f211b4684afef442a48dbd) Importer(815301076,1909f56bfc062723c751e8b465ee728b)  -> (artifact id: 'fd1229137e19166ecb8263e10115eeb8') in 0.007562 seconds
  Import took 0.017341 seconds .

========================================================================
Received Import Request.
  Time since last request: 16.669861 seconds.
  path: Assets/scripts/tileColoring.cs
  artifactKey: Guid(af17b8285214af548b969fc7dc4555ef) Importer(815301076,1909f56bfc062723c751e8b465ee728b)
Start importing Assets/scripts/tileColoring.cs using Guid(af17b8285214af548b969fc7dc4555ef) Importer(815301076,1909f56bfc062723c751e8b465ee728b)  -> (artifact id: 'bf57d9b965bfd43b34192f91c02b66ba') in 0.009412 seconds
  Import took 0.011182 seconds .

========================================================================
Received Prepare
Registering precompiled user dll's ...
Registered in 0.000408 seconds.
Begin MonoManager ReloadAssembly
Native extension for WindowsStandalone target not found
Refreshing native plugins compatible for Editor in 0.19 ms, found 0 plugins.
Preloading 0 native plugins for Editor in 0.00 ms.
Mono: successfully reloaded assembly
- Completed reload, in  0.761 seconds
Platform modules already initialized, skipping
Refreshing native plugins compatible for Editor in 0.17 ms, found 0 plugins.
Preloading 0 native plugins for Editor in 0.00 ms.
Unloading 1111 Unused Serialized files (Serialized files now loaded: 0)
System memory in use before: 60.5 MB.
System memory in use after: 60.5 MB.

Unloading 5 unused Assets to reduce memory usage. Loaded Objects now: 1605.
Total: 1.360900 ms (FindLiveObjects: 0.125600 ms CreateObjectMapping: 0.033700 ms MarkObjects: 1.161800 ms  DeleteObjects: 0.039000 ms)

========================================================================
Received Prepare
Registering precompiled user dll's ...
Registered in 0.000421 seconds.
Begin MonoManager ReloadAssembly
Native extension for WindowsStandalone target not found
Refreshing native plugins compatible for Editor in 0.19 ms, found 0 plugins.
Preloading 0 native plugins for Editor in 0.00 ms.
Mono: successfully reloaded assembly
- Completed reload, in  1.129 seconds
Platform modules already initialized, skipping
Refreshing native plugins compatible for Editor in 0.17 ms, found 0 plugins.
Preloading 0 native plugins for Editor in 0.00 ms.
Unloading 1111 Unused Serialized files (Serialized files now loaded: 0)
System memory in use before: 60.5 MB.
System memory in use after: 60.6 MB.

Unloading 5 unused Assets to reduce memory usage. Loaded Objects now: 1608.
Total: 1.334000 ms (FindLiveObjects: 0.117200 ms CreateObjectMapping: 0.031400 ms MarkObjects: 1.143600 ms  DeleteObjects: 0.040600 ms)

========================================================================
Received Import Request.
  Time since last request: 278.865803 seconds.
  path: Assets/scripts/tileColoring.cs
  artifactKey: Guid(af17b8285214af548b969fc7dc4555ef) Importer(815301076,1909f56bfc062723c751e8b465ee728b)
Start importing Assets/scripts/tileColoring.cs using Guid(af17b8285214af548b969fc7dc4555ef) Importer(815301076,1909f56bfc062723c751e8b465ee728b)  -> (artifact id: '622704ee2d3ca77de82c107fb211e7b4') in 0.006495 seconds
  Import took 0.015700 seconds .

========================================================================
Received Prepare
Registering precompiled user dll's ...
Registered in 0.000441 seconds.
Begin MonoManager ReloadAssembly
Native extension for WindowsStandalone target not found
Refreshing native plugins compatible for Editor in 0.20 ms, found 0 plugins.
Preloading 0 native plugins for Editor in 0.00 ms.
Mono: successfully reloaded assembly
- Completed reload, in  0.712 seconds
Platform modules already initialized, skipping
Refreshing native plugins compatible for Editor in 0.18 ms, found 0 plugins.
Preloading 0 native plugins for Editor in 0.00 ms.
Unloading 1111 Unused Serialized files (Serialized files now loaded: 0)
System memory in use before: 60.5 MB.
System memory in use after: 60.6 MB.

Unloading 5 unused Assets to reduce memory usage. Loaded Objects now: 1611.
Total: 1.295900 ms (FindLiveObjects: 0.103800 ms CreateObjectMapping: 0.036200 ms MarkObjects: 1.119300 ms  DeleteObjects: 0.035700 ms)

========================================================================
Received Import Request.
  Time since last request: 29.952618 seconds.
  path: Assets/scripts/tileColoring.cs
  artifactKey: Guid(af17b8285214af548b969fc7dc4555ef) Importer(815301076,1909f56bfc062723c751e8b465ee728b)
Start importing Assets/scripts/tileColoring.cs using Guid(af17b8285214af548b969fc7dc4555ef) Importer(815301076,1909f56bfc062723c751e8b465ee728b)  -> (artifact id: 'ed62133f359decc156f6edf3c2cb1b98') in 0.002955 seconds
  Import took 0.007999 seconds .

========================================================================
Received Prepare
Registering precompiled user dll's ...
Registered in 0.000449 seconds.
Begin MonoManager ReloadAssembly
Native extension for WindowsStandalone target not found
Refreshing native plugins compatible for Editor in 0.20 ms, found 0 plugins.
Preloading 0 native plugins for Editor in 0.00 ms.
Mono: successfully reloaded assembly
- Completed reload, in  0.734 seconds
Platform modules already initialized, skipping
Refreshing native plugins compatible for Editor in 0.24 ms, found 0 plugins.
Preloading 0 native plugins for Editor in 0.00 ms.
Unloading 1111 Unused Serialized files (Serialized files now loaded: 0)
System memory in use before: 60.5 MB.
System memory in use after: 60.6 MB.

Unloading 5 unused Assets to reduce memory usage. Loaded Objects now: 1614.
Total: 1.439700 ms (FindLiveObjects: 0.117700 ms CreateObjectMapping: 0.032200 ms MarkObjects: 1.247300 ms  DeleteObjects: 0.041500 ms)

========================================================================
Received Prepare
Registering precompiled user dll's ...
Registered in 0.000475 seconds.
Begin MonoManager ReloadAssembly
Native extension for WindowsStandalone target not found
Refreshing native plugins compatible for Editor in 0.33 ms, found 0 plugins.
Preloading 0 native plugins for Editor in 0.00 ms.
Mono: successfully reloaded assembly
- Completed reload, in  0.884 seconds
Platform modules already initialized, skipping
Refreshing native plugins compatible for Editor in 0.17 ms, found 0 plugins.
Preloading 0 native plugins for Editor in 0.00 ms.
Unloading 1111 Unused Serialized files (Serialized files now loaded: 0)
System memory in use before: 60.5 MB.
System memory in use after: 60.6 MB.

Unloading 5 unused Assets to reduce memory usage. Loaded Objects now: 1617.
Total: 1.367800 ms (FindLiveObjects: 0.115700 ms CreateObjectMapping: 0.035600 ms MarkObjects: 1.175100 ms  DeleteObjects: 0.040700 ms)

========================================================================
Received Prepare
Registering precompiled user dll's ...
Registered in 0.000426 seconds.
Begin MonoManager ReloadAssembly
Native extension for WindowsStandalone target not found
Refreshing native plugins compatible for Editor in 0.18 ms, found 0 plugins.
Preloading 0 native plugins for Editor in 0.00 ms.
Mono: successfully reloaded assembly
- Completed reload, in  0.780 seconds
Platform modules already initialized, skipping
Refreshing native plugins compatible for Editor in 0.17 ms, found 0 plugins.
Preloading 0 native plugins for Editor in 0.00 ms.
Unloading 1111 Unused Serialized files (Serialized files now loaded: 0)
System memory in use before: 60.5 MB.
System memory in use after: 60.6 MB.

Unloading 5 unused Assets to reduce memory usage. Loaded Objects now: 1620.
Total: 1.304600 ms (FindLiveObjects: 0.110100 ms CreateObjectMapping: 0.031700 ms MarkObjects: 1.125500 ms  DeleteObjects: 0.036500 ms)

========================================================================
Received Import Request.
  Time since last request: 194.554011 seconds.
  path: Assets/scripts/tileScript.cs
  artifactKey: Guid(609959c2dd9b6834db1bfe33bb202f38) Importer(815301076,1909f56bfc062723c751e8b465ee728b)
Start importing Assets/scripts/tileScript.cs using Guid(609959c2dd9b6834db1bfe33bb202f38) Importer(815301076,1909f56bfc062723c751e8b465ee728b)  -> (artifact id: '336d869609ccfc6eead5e473d1c7546a') in 0.029019 seconds
  Import took 0.039541 seconds .

========================================================================
Received Import Request.
  Time since last request: 0.050613 seconds.
  path: Assets/scripts/tileScript.cs
  artifactKey: Guid(609959c2dd9b6834db1bfe33bb202f38) Importer(815301076,1909f56bfc062723c751e8b465ee728b)
Start importing Assets/scripts/tileScript.cs using Guid(609959c2dd9b6834db1bfe33bb202f38) Importer(815301076,1909f56bfc062723c751e8b465ee728b)  -> (artifact id: '336d869609ccfc6eead5e473d1c7546a') in 0.002409 seconds
  Import took 0.004880 seconds .

========================================================================
Received Prepare
Registering precompiled user dll's ...
Registered in 0.000440 seconds.
Begin MonoManager ReloadAssembly
Native extension for WindowsStandalone target not found
Refreshing native plugins compatible for Editor in 0.18 ms, found 0 plugins.
Preloading 0 native plugins for Editor in 0.00 ms.
Mono: successfully reloaded assembly
- Completed reload, in  0.820 seconds
Platform modules already initialized, skipping
Refreshing native plugins compatible for Editor in 0.18 ms, found 0 plugins.
Preloading 0 native plugins for Editor in 0.00 ms.
Unloading 1112 Unused Serialized files (Serialized files now loaded: 0)
System memory in use before: 60.5 MB.
System memory in use after: 60.6 MB.

Unloading 5 unused Assets to reduce memory usage. Loaded Objects now: 1624.
Total: 1.325300 ms (FindLiveObjects: 0.108900 ms CreateObjectMapping: 0.030700 ms MarkObjects: 1.140400 ms  DeleteObjects: 0.044400 ms)

========================================================================
Received Import Request.
  Time since last request: 13.038664 seconds.
  path: Assets/scripts/MenuScripts.cs
  artifactKey: Guid(e9c45ac52ac788c4a93bdfde655c4bb8) Importer(815301076,1909f56bfc062723c751e8b465ee728b)
Start importing Assets/scripts/MenuScripts.cs using Guid(e9c45ac52ac788c4a93bdfde655c4bb8) Importer(815301076,1909f56bfc062723c751e8b465ee728b)  -> (artifact id: '77a7b8dc995901ce9ebdf1f11fc2198d') in 0.006608 seconds
  Import took 0.008324 seconds .

========================================================================
Received Prepare
Registering precompiled user dll's ...
Registered in 0.000412 seconds.
Begin MonoManager ReloadAssembly
Native extension for WindowsStandalone target not found
Refreshing native plugins compatible for Editor in 0.18 ms, found 0 plugins.
Preloading 0 native plugins for Editor in 0.00 ms.
Mono: successfully reloaded assembly
- Completed reload, in  0.792 seconds
Platform modules already initialized, skipping
Refreshing native plugins compatible for Editor in 0.18 ms, found 0 plugins.
Preloading 0 native plugins for Editor in 0.00 ms.
Unloading 1113 Unused Serialized files (Serialized files now loaded: 0)
System memory in use before: 60.6 MB.
System memory in use after: 60.6 MB.

Unloading 5 unused Assets to reduce memory usage. Loaded Objects now: 1628.
Total: 1.287200 ms (FindLiveObjects: 0.101900 ms CreateObjectMapping: 0.030600 ms MarkObjects: 1.118200 ms  DeleteObjects: 0.035600 ms)

========================================================================
Received Import Request.
  Time since last request: 5.556702 seconds.
  path: Assets/scripts/tileColoring.cs
  artifactKey: Guid(af17b8285214af548b969fc7dc4555ef) Importer(815301076,1909f56bfc062723c751e8b465ee728b)
Start importing Assets/scripts/tileColoring.cs using Guid(af17b8285214af548b969fc7dc4555ef) Importer(815301076,1909f56bfc062723c751e8b465ee728b)  -> (artifact id: '9ee53a2190c1571206dbe3d35b1c3441') in 0.003444 seconds
  Import took 0.015243 seconds .

========================================================================
Received Prepare
Registering precompiled user dll's ...
Registered in 0.000441 seconds.
Begin MonoManager ReloadAssembly
Native extension for WindowsStandalone target not found
Refreshing native plugins compatible for Editor in 0.24 ms, found 0 plugins.
Preloading 0 native plugins for Editor in 0.00 ms.
Mono: successfully reloaded assembly
- Completed reload, in  0.816 seconds
Platform modules already initialized, skipping
Refreshing native plugins compatible for Editor in 0.19 ms, found 0 plugins.
Preloading 0 native plugins for Editor in 0.00 ms.
Unloading 1112 Unused Serialized files (Serialized files now loaded: 0)
System memory in use before: 60.5 MB.
System memory in use after: 60.6 MB.

Unloading 6 unused Assets to reduce memory usage. Loaded Objects now: 1630.
Total: 1.568900 ms (FindLiveObjects: 0.123000 ms CreateObjectMapping: 0.035200 ms MarkObjects: 1.360600 ms  DeleteObjects: 0.049100 ms)

========================================================================
Received Prepare
Registering precompiled user dll's ...
Registered in 0.000478 seconds.
Begin MonoManager ReloadAssembly
Native extension for WindowsStandalone target not found
Refreshing native plugins compatible for Editor in 0.19 ms, found 0 plugins.
Preloading 0 native plugins for Editor in 0.00 ms.
Mono: successfully reloaded assembly
- Completed reload, in  0.711 seconds
Platform modules already initialized, skipping
Refreshing native plugins compatible for Editor in 0.20 ms, found 0 plugins.
Preloading 0 native plugins for Editor in 0.00 ms.
Unloading 1111 Unused Serialized files (Serialized files now loaded: 0)
System memory in use before: 60.5 MB.
System memory in use after: 60.6 MB.

Unloading 6 unused Assets to reduce memory usage. Loaded Objects now: 1632.
Total: 1.328800 ms (FindLiveObjects: 0.111500 ms CreateObjectMapping: 0.031300 ms MarkObjects: 1.145900 ms  DeleteObjects: 0.039200 ms)

========================================================================
Received Import Request.
  Time since last request: 82.495399 seconds.
  path: Assets/scripts/MenuScripts.cs
  artifactKey: Guid(e9c45ac52ac788c4a93bdfde655c4bb8) Importer(815301076,1909f56bfc062723c751e8b465ee728b)
Start importing Assets/scripts/MenuScripts.cs using Guid(e9c45ac52ac788c4a93bdfde655c4bb8) Importer(815301076,1909f56bfc062723c751e8b465ee728b)  -> (artifact id: '5a53730262b7b17b0a3f2e2d9d63ff83') in 0.004161 seconds
  Import took 0.005999 seconds .

AssetImportWorkerClient::OnTransportError - code=2 error=End of file
