Using pre-set license
Built from '2020.3/staging' branch; Version is '2020.3.9f1 (108be757e447) revision 1084391'; Using compiler version '192528614'; Build Type 'Release'
OS: 'Windows 10 Home; OS build 19043.1466; Version 2009; 64bit' Language: 'en' Physical Memory: 16300 MB
BatchMode: 1, IsHumanControllingUs: 0, StartBugReporterOnCrash: 0, Is64bit: 1, IsPro: 0

 COMMAND LINE ARGUMENTS:
C:\Program Files\Unity\Hub\Editor\2020.3.9f1\Editor\Unity.exe
-adb2
-batchMode
-noUpm
-name
AssetImportWorker0
-projectPath
D:/Game/tutorialGrid
-logFile
Logs/AssetImportWorker0.log
-srvPort
61480
Successfully changed project path to: D:/Game/tutorialGrid
D:/Game/tutorialGrid
Using Asset Import Pipeline V2.
Refreshing native plugins compatible for Editor in 21.89 ms, found 0 plugins.
Preloading 0 native plugins for Editor in 0.00 ms.
Initialize engine version: 2020.3.9f1 (108be757e447)
[Subsystems] Discovering subsystems at path C:/Program Files/Unity/Hub/Editor/2020.3.9f1/Editor/Data/Resources/UnitySubsystems
[Subsystems] Discovering subsystems at path D:/Game/tutorialGrid/Assets
GfxDevice: creating device client; threaded=0
Direct3D:
    Version:  Direct3D 11.0 [level 11.1]
    Renderer: NVIDIA GeForce RTX 2080 SUPER (ID=0x1e81)
    Vendor:   
    VRAM:     8010 MB
    Driver:   27.21.14.6089
Initialize mono
Mono path[0] = 'C:/Program Files/Unity/Hub/Editor/2020.3.9f1/Editor/Data/Managed'
Mono path[1] = 'C:/Program Files/Unity/Hub/Editor/2020.3.9f1/Editor/Data/MonoBleedingEdge/lib/mono/unityjit'
Mono config path = 'C:/Program Files/Unity/Hub/Editor/2020.3.9f1/Editor/Data/MonoBleedingEdge/etc'
Using monoOptions --debugger-agent=transport=dt_socket,embedding=1,server=y,suspend=n,address=127.0.0.1:56600
Begin MonoManager ReloadAssembly
Registering precompiled unity dll's ...
Register platform support module: C:/Program Files/Unity/Hub/Editor/2020.3.9f1/Editor/Data/PlaybackEngines/WindowsStandaloneSupport/UnityEditor.WindowsStandalone.Extensions.dll
Registered in 0.001889 seconds.
Native extension for WindowsStandalone target not found
Refreshing native plugins compatible for Editor in 22.61 ms, found 0 plugins.
Preloading 0 native plugins for Editor in 0.00 ms.
Mono: successfully reloaded assembly
- Completed reload, in  1.093 seconds
Platform modules already initialized, skipping
Registering precompiled user dll's ...
Registered in 0.000430 seconds.
Begin MonoManager ReloadAssembly
Native extension for WindowsStandalone target not found
Refreshing native plugins compatible for Editor in 0.51 ms, found 0 plugins.
Preloading 0 native plugins for Editor in 0.00 ms.
Mono: successfully reloaded assembly
- Completed reload, in  1.373 seconds
Platform modules already initialized, skipping
========================================================================
Worker process is ready to serve import requests
Launched and connected shader compiler UnityShaderCompiler.exe after 0.05 seconds
Refreshing native plugins compatible for Editor in 0.17 ms, found 0 plugins.
Preloading 0 native plugins for Editor in 0.00 ms.
Unloading 1116 Unused Serialized files (Serialized files now loaded: 0)
System memory in use before: 57.2 MB.
System memory in use after: 57.2 MB.

Unloading 10 unused Assets to reduce memory usage. Loaded Objects now: 1558.
Total: 1.337700 ms (FindLiveObjects: 0.107500 ms CreateObjectMapping: 0.031700 ms MarkObjects: 1.137400 ms  DeleteObjects: 0.060100 ms)

========================================================================
Received Import Request.
  path: Assets/Resources/tile.mat
  artifactKey: Guid(50f005c511f7cde47bf9898c4873ae31) Importer(815301076,1909f56bfc062723c751e8b465ee728b)
Start importing Assets/Resources/tile.mat using Guid(50f005c511f7cde47bf9898c4873ae31) Importer(815301076,1909f56bfc062723c751e8b465ee728b)  -> (artifact id: '90a02a65de4b7ec730eadc03f2e863cb') in 0.112937 seconds
  Import took 0.122904 seconds .

========================================================================
Received Import Request.
  Time since last request: 39.122819 seconds.
  path: Assets/scripts/MenuScripts.cs
  artifactKey: Guid(e9c45ac52ac788c4a93bdfde655c4bb8) Importer(815301076,1909f56bfc062723c751e8b465ee728b)
Start importing Assets/scripts/MenuScripts.cs using Guid(e9c45ac52ac788c4a93bdfde655c4bb8) Importer(815301076,1909f56bfc062723c751e8b465ee728b)  -> (artifact id: '00b1e739d1ab4df7187c5fae5f10a3e9') in 0.004021 seconds
  Import took 0.005802 seconds .

========================================================================
Received Import Request.
  Time since last request: 78.331871 seconds.
  path: Assets/scripts/MenuScripts.cs
  artifactKey: Guid(e9c45ac52ac788c4a93bdfde655c4bb8) Importer(815301076,1909f56bfc062723c751e8b465ee728b)
Start importing Assets/scripts/MenuScripts.cs using Guid(e9c45ac52ac788c4a93bdfde655c4bb8) Importer(815301076,1909f56bfc062723c751e8b465ee728b)  -> (artifact id: '06bc7ab069e13d2a6265dc75d4543921') in 0.002380 seconds
  Import took 0.009114 seconds .

========================================================================
Received Import Request.
  Time since last request: 82.444992 seconds.
  path: Assets/scripts/MenuScripts.cs
  artifactKey: Guid(e9c45ac52ac788c4a93bdfde655c4bb8) Importer(815301076,1909f56bfc062723c751e8b465ee728b)
Start importing Assets/scripts/MenuScripts.cs using Guid(e9c45ac52ac788c4a93bdfde655c4bb8) Importer(815301076,1909f56bfc062723c751e8b465ee728b)  -> (artifact id: 'a12ad5a733e9f68499816afdd9c62a32') in 0.002437 seconds
  Import took 0.024120 seconds .

========================================================================
Received Import Request.
  Time since last request: 14.900483 seconds.
  path: Assets/scripts/MenuScripts.cs
  artifactKey: Guid(e9c45ac52ac788c4a93bdfde655c4bb8) Importer(815301076,1909f56bfc062723c751e8b465ee728b)
Start importing Assets/scripts/MenuScripts.cs using Guid(e9c45ac52ac788c4a93bdfde655c4bb8) Importer(815301076,1909f56bfc062723c751e8b465ee728b)  -> (artifact id: '4e1d25f4fa1dfc488492d7e8de2c8e8c') in 0.001401 seconds
  Import took 0.006767 seconds .

========================================================================
Received Prepare
Registering precompiled user dll's ...
Registered in 0.000417 seconds.
Begin MonoManager ReloadAssembly
Native extension for WindowsStandalone target not found
Refreshing native plugins compatible for Editor in 0.18 ms, found 0 plugins.
Preloading 0 native plugins for Editor in 0.00 ms.
Mono: successfully reloaded assembly
- Completed reload, in  0.736 seconds
Platform modules already initialized, skipping
Refreshing native plugins compatible for Editor in 0.18 ms, found 0 plugins.
Preloading 0 native plugins for Editor in 0.00 ms.
Unloading 1111 Unused Serialized files (Serialized files now loaded: 0)
System memory in use before: 60.4 MB.
System memory in use after: 60.5 MB.

Unloading 5 unused Assets to reduce memory usage. Loaded Objects now: 1601.
Total: 1.307300 ms (FindLiveObjects: 0.109900 ms CreateObjectMapping: 0.030400 ms MarkObjects: 1.125700 ms  DeleteObjects: 0.040400 ms)

========================================================================
Received Import Request.
  Time since last request: 31.059442 seconds.
  path: Assets/scripts/MenuScripts.cs
  artifactKey: Guid(e9c45ac52ac788c4a93bdfde655c4bb8) Importer(815301076,1909f56bfc062723c751e8b465ee728b)
Start importing Assets/scripts/MenuScripts.cs using Guid(e9c45ac52ac788c4a93bdfde655c4bb8) Importer(815301076,1909f56bfc062723c751e8b465ee728b)  -> (artifact id: '5991beec85b76d5c58ec8c27bf18c3f3') in 0.003012 seconds
  Import took 0.004610 seconds .

========================================================================
Received Import Request.
  Time since last request: 166.217046 seconds.
  path: Assets/scripts/Tile.cs
  artifactKey: Guid(ce27f6ce928d7ea4c9592b75a9be6cc7) Importer(815301076,1909f56bfc062723c751e8b465ee728b)
Start importing Assets/scripts/Tile.cs using Guid(ce27f6ce928d7ea4c9592b75a9be6cc7) Importer(815301076,1909f56bfc062723c751e8b465ee728b)  -> (artifact id: '2cf0275e79ad1bd1dc06aad1b8026654') in 0.005236 seconds
  Import took 0.016998 seconds .

========================================================================
Received Import Request.
  Time since last request: 1.194054 seconds.
  path: Assets/scripts/MenuScripts.cs
  artifactKey: Guid(e9c45ac52ac788c4a93bdfde655c4bb8) Importer(815301076,1909f56bfc062723c751e8b465ee728b)
Start importing Assets/scripts/MenuScripts.cs using Guid(e9c45ac52ac788c4a93bdfde655c4bb8) Importer(815301076,1909f56bfc062723c751e8b465ee728b)  -> (artifact id: '9d83388d4468d9030939f01bdf02b87a') in 0.002368 seconds
  Import took 0.012265 seconds .

========================================================================
Received Prepare
Registering precompiled user dll's ...
Registered in 0.000669 seconds.
Begin MonoManager ReloadAssembly
Native extension for WindowsStandalone target not found
Refreshing native plugins compatible for Editor in 0.24 ms, found 0 plugins.
Preloading 0 native plugins for Editor in 0.00 ms.
Mono: successfully reloaded assembly
- Completed reload, in  0.891 seconds
Platform modules already initialized, skipping
Refreshing native plugins compatible for Editor in 0.18 ms, found 0 plugins.
Preloading 0 native plugins for Editor in 0.00 ms.
Unloading 1112 Unused Serialized files (Serialized files now loaded: 0)
System memory in use before: 60.5 MB.
System memory in use after: 60.6 MB.

Unloading 5 unused Assets to reduce memory usage. Loaded Objects now: 1605.
Total: 1.344100 ms (FindLiveObjects: 0.114000 ms CreateObjectMapping: 0.033300 ms MarkObjects: 1.152900 ms  DeleteObjects: 0.042800 ms)

========================================================================
Received Import Request.
  Time since last request: 6.736985 seconds.
  path: Assets/scripts/MenuScripts.cs
  artifactKey: Guid(e9c45ac52ac788c4a93bdfde655c4bb8) Importer(815301076,1909f56bfc062723c751e8b465ee728b)
Start importing Assets/scripts/MenuScripts.cs using Guid(e9c45ac52ac788c4a93bdfde655c4bb8) Importer(815301076,1909f56bfc062723c751e8b465ee728b)  -> (artifact id: 'e05b515baf8747e224c280963a3c6456') in 0.003058 seconds
  Import took 0.004633 seconds .

========================================================================
Received Import Request.
  Time since last request: 555.273795 seconds.
  path: Assets/scripts/cameraTactics.cs
  artifactKey: Guid(8a40b2b80040d4a4988cba7f52ab0a4f) Importer(815301076,1909f56bfc062723c751e8b465ee728b)
Start importing Assets/scripts/cameraTactics.cs using Guid(8a40b2b80040d4a4988cba7f52ab0a4f) Importer(815301076,1909f56bfc062723c751e8b465ee728b)  -> (artifact id: '6b642dc06ef3b23e430d2f1a1b6eb101') in 0.013740 seconds
  Import took 0.024045 seconds .

========================================================================
Received Prepare
Registering precompiled user dll's ...
Registered in 0.000428 seconds.
Begin MonoManager ReloadAssembly
Native extension for WindowsStandalone target not found
Refreshing native plugins compatible for Editor in 0.19 ms, found 0 plugins.
Preloading 0 native plugins for Editor in 0.00 ms.
Mono: successfully reloaded assembly
- Completed reload, in  0.777 seconds
Platform modules already initialized, skipping
Refreshing native plugins compatible for Editor in 0.19 ms, found 0 plugins.
Preloading 0 native plugins for Editor in 0.00 ms.
Unloading 1113 Unused Serialized files (Serialized files now loaded: 0)
System memory in use before: 60.5 MB.
System memory in use after: 60.6 MB.

Unloading 5 unused Assets to reduce memory usage. Loaded Objects now: 1609.
Total: 1.420300 ms (FindLiveObjects: 0.112800 ms CreateObjectMapping: 0.033000 ms MarkObjects: 1.227800 ms  DeleteObjects: 0.046000 ms)

========================================================================
Received Prepare
Registering precompiled user dll's ...
Registered in 0.000433 seconds.
Begin MonoManager ReloadAssembly
Native extension for WindowsStandalone target not found
Refreshing native plugins compatible for Editor in 0.18 ms, found 0 plugins.
Preloading 0 native plugins for Editor in 0.00 ms.
Mono: successfully reloaded assembly
- Completed reload, in  0.773 seconds
Platform modules already initialized, skipping
Refreshing native plugins compatible for Editor in 0.18 ms, found 0 plugins.
Preloading 0 native plugins for Editor in 0.00 ms.
Unloading 1112 Unused Serialized files (Serialized files now loaded: 0)
System memory in use before: 60.5 MB.
System memory in use after: 60.6 MB.

Unloading 6 unused Assets to reduce memory usage. Loaded Objects now: 1611.
Total: 1.369200 ms (FindLiveObjects: 0.127700 ms CreateObjectMapping: 0.041300 ms MarkObjects: 1.155600 ms  DeleteObjects: 0.042900 ms)

========================================================================
Received Import Request.
  Time since last request: 25.940360 seconds.
  path: Assets/scripts/TacticsCamera.cs
  artifactKey: Guid(6c467f3cf156d26449c80d258357104a) Importer(815301076,1909f56bfc062723c751e8b465ee728b)
Start importing Assets/scripts/TacticsCamera.cs using Guid(6c467f3cf156d26449c80d258357104a) Importer(815301076,1909f56bfc062723c751e8b465ee728b)  -> (artifact id: '8c80434c30c81ca0ee72a64121aa9bbd') in 0.006689 seconds
  Import took 0.017456 seconds .

========================================================================
Received Prepare
Registering precompiled user dll's ...
Registered in 0.000439 seconds.
Begin MonoManager ReloadAssembly
Native extension for WindowsStandalone target not found
Refreshing native plugins compatible for Editor in 0.19 ms, found 0 plugins.
Preloading 0 native plugins for Editor in 0.00 ms.
Mono: successfully reloaded assembly
- Completed reload, in  0.713 seconds
Platform modules already initialized, skipping
Refreshing native plugins compatible for Editor in 0.18 ms, found 0 plugins.
Preloading 0 native plugins for Editor in 0.00 ms.
Unloading 1113 Unused Serialized files (Serialized files now loaded: 0)
System memory in use before: 60.5 MB.
System memory in use after: 60.6 MB.

Unloading 5 unused Assets to reduce memory usage. Loaded Objects now: 1615.
Total: 1.291000 ms (FindLiveObjects: 0.101300 ms CreateObjectMapping: 0.030000 ms MarkObjects: 1.124500 ms  DeleteObjects: 0.034500 ms)

========================================================================
Received Prepare
Registering precompiled user dll's ...
Registered in 0.000437 seconds.
Begin MonoManager ReloadAssembly
Native extension for WindowsStandalone target not found
Refreshing native plugins compatible for Editor in 0.18 ms, found 0 plugins.
Preloading 0 native plugins for Editor in 0.00 ms.
Mono: successfully reloaded assembly
- Completed reload, in  0.818 seconds
Platform modules already initialized, skipping
Refreshing native plugins compatible for Editor in 0.31 ms, found 0 plugins.
Preloading 0 native plugins for Editor in 0.00 ms.
Unloading 1113 Unused Serialized files (Serialized files now loaded: 0)
System memory in use before: 60.5 MB.
System memory in use after: 60.6 MB.

Unloading 5 unused Assets to reduce memory usage. Loaded Objects now: 1618.
Total: 2.487800 ms (FindLiveObjects: 0.192300 ms CreateObjectMapping: 0.070800 ms MarkObjects: 2.153400 ms  DeleteObjects: 0.069500 ms)

========================================================================
Received Import Request.
  Time since last request: 42.647880 seconds.
  path: Assets/scripts/TacticsCamera.cs
  artifactKey: Guid(6c467f3cf156d26449c80d258357104a) Importer(815301076,1909f56bfc062723c751e8b465ee728b)
Start importing Assets/scripts/TacticsCamera.cs using Guid(6c467f3cf156d26449c80d258357104a) Importer(815301076,1909f56bfc062723c751e8b465ee728b)  -> (artifact id: '96518d1be41d23e7d4a0430ee0792ee2') in 0.005971 seconds
  Import took 0.009075 seconds .

========================================================================
Received Prepare
Registering precompiled user dll's ...
Registered in 0.000554 seconds.
Begin MonoManager ReloadAssembly
Native extension for WindowsStandalone target not found
Refreshing native plugins compatible for Editor in 0.18 ms, found 0 plugins.
Preloading 0 native plugins for Editor in 0.00 ms.
Mono: successfully reloaded assembly
- Completed reload, in  0.721 seconds
Platform modules already initialized, skipping
Refreshing native plugins compatible for Editor in 0.18 ms, found 0 plugins.
Preloading 0 native plugins for Editor in 0.00 ms.
Unloading 1113 Unused Serialized files (Serialized files now loaded: 0)
System memory in use before: 60.6 MB.
System memory in use after: 60.6 MB.

Unloading 5 unused Assets to reduce memory usage. Loaded Objects now: 1621.
Total: 1.327400 ms (FindLiveObjects: 0.108300 ms CreateObjectMapping: 0.031200 ms MarkObjects: 1.146300 ms  DeleteObjects: 0.041000 ms)

========================================================================
Received Prepare
Registering precompiled user dll's ...
Registered in 0.000464 seconds.
Begin MonoManager ReloadAssembly
Native extension for WindowsStandalone target not found
Refreshing native plugins compatible for Editor in 0.20 ms, found 0 plugins.
Preloading 0 native plugins for Editor in 0.00 ms.
Mono: successfully reloaded assembly
- Completed reload, in  0.835 seconds
Platform modules already initialized, skipping
Refreshing native plugins compatible for Editor in 0.22 ms, found 0 plugins.
Preloading 0 native plugins for Editor in 0.00 ms.
Unloading 1113 Unused Serialized files (Serialized files now loaded: 0)
System memory in use before: 60.6 MB.
System memory in use after: 60.6 MB.

Unloading 5 unused Assets to reduce memory usage. Loaded Objects now: 1624.
Total: 1.311300 ms (FindLiveObjects: 0.109500 ms CreateObjectMapping: 0.036900 ms MarkObjects: 1.123700 ms  DeleteObjects: 0.040400 ms)

========================================================================
Received Prepare
Registering precompiled user dll's ...
Registered in 0.000454 seconds.
Begin MonoManager ReloadAssembly
Native extension for WindowsStandalone target not found
Refreshing native plugins compatible for Editor in 0.18 ms, found 0 plugins.
Preloading 0 native plugins for Editor in 0.00 ms.
Mono: successfully reloaded assembly
- Completed reload, in  0.903 seconds
Platform modules already initialized, skipping
Refreshing native plugins compatible for Editor in 0.25 ms, found 0 plugins.
Preloading 0 native plugins for Editor in 0.00 ms.
Unloading 1113 Unused Serialized files (Serialized files now loaded: 0)
System memory in use before: 60.6 MB.
System memory in use after: 60.6 MB.

Unloading 5 unused Assets to reduce memory usage. Loaded Objects now: 1627.
Total: 2.018800 ms (FindLiveObjects: 0.159600 ms CreateObjectMapping: 0.056800 ms MarkObjects: 1.736500 ms  DeleteObjects: 0.064800 ms)

========================================================================
Received Prepare
Registering precompiled user dll's ...
Registered in 0.000528 seconds.
Begin MonoManager ReloadAssembly
Native extension for WindowsStandalone target not found
Refreshing native plugins compatible for Editor in 0.19 ms, found 0 plugins.
Preloading 0 native plugins for Editor in 0.00 ms.
Mono: successfully reloaded assembly
- Completed reload, in  0.755 seconds
Platform modules already initialized, skipping
Refreshing native plugins compatible for Editor in 0.18 ms, found 0 plugins.
Preloading 0 native plugins for Editor in 0.00 ms.
Unloading 1113 Unused Serialized files (Serialized files now loaded: 0)
System memory in use before: 60.6 MB.
System memory in use after: 60.6 MB.

Unloading 5 unused Assets to reduce memory usage. Loaded Objects now: 1630.
Total: 1.451400 ms (FindLiveObjects: 0.118800 ms CreateObjectMapping: 0.031900 ms MarkObjects: 1.259300 ms  DeleteObjects: 0.040300 ms)

========================================================================
Received Prepare
Registering precompiled user dll's ...
Registered in 0.000452 seconds.
Begin MonoManager ReloadAssembly
Native extension for WindowsStandalone target not found
Refreshing native plugins compatible for Editor in 0.18 ms, found 0 plugins.
Preloading 0 native plugins for Editor in 0.00 ms.
Mono: successfully reloaded assembly
- Completed reload, in  0.828 seconds
Platform modules already initialized, skipping
Refreshing native plugins compatible for Editor in 0.17 ms, found 0 plugins.
Preloading 0 native plugins for Editor in 0.00 ms.
Unloading 1113 Unused Serialized files (Serialized files now loaded: 0)
System memory in use before: 60.6 MB.
System memory in use after: 60.6 MB.

Unloading 5 unused Assets to reduce memory usage. Loaded Objects now: 1633.
Total: 1.344300 ms (FindLiveObjects: 0.117500 ms CreateObjectMapping: 0.032000 ms MarkObjects: 1.150100 ms  DeleteObjects: 0.043400 ms)

========================================================================
Received Prepare
Registering precompiled user dll's ...
Registered in 0.000407 seconds.
Begin MonoManager ReloadAssembly
Native extension for WindowsStandalone target not found
Refreshing native plugins compatible for Editor in 0.19 ms, found 0 plugins.
Preloading 0 native plugins for Editor in 0.00 ms.
Mono: successfully reloaded assembly
- Completed reload, in  0.702 seconds
Platform modules already initialized, skipping
Refreshing native plugins compatible for Editor in 0.18 ms, found 0 plugins.
Preloading 0 native plugins for Editor in 0.00 ms.
Unloading 1113 Unused Serialized files (Serialized files now loaded: 0)
System memory in use before: 60.6 MB.
System memory in use after: 60.7 MB.

Unloading 5 unused Assets to reduce memory usage. Loaded Objects now: 1636.
Total: 1.458500 ms (FindLiveObjects: 0.129000 ms CreateObjectMapping: 0.036700 ms MarkObjects: 1.243700 ms  DeleteObjects: 0.048100 ms)

========================================================================
Received Prepare
Registering precompiled user dll's ...
Registered in 0.000391 seconds.
Begin MonoManager ReloadAssembly
Native extension for WindowsStandalone target not found
Refreshing native plugins compatible for Editor in 0.28 ms, found 0 plugins.
Preloading 0 native plugins for Editor in 0.00 ms.
Mono: successfully reloaded assembly
- Completed reload, in  1.061 seconds
Platform modules already initialized, skipping
Refreshing native plugins compatible for Editor in 0.21 ms, found 0 plugins.
Preloading 0 native plugins for Editor in 0.00 ms.
Unloading 1113 Unused Serialized files (Serialized files now loaded: 0)
System memory in use before: 60.6 MB.
System memory in use after: 60.7 MB.

Unloading 5 unused Assets to reduce memory usage. Loaded Objects now: 1639.
Total: 1.581500 ms (FindLiveObjects: 0.128900 ms CreateObjectMapping: 0.038000 ms MarkObjects: 1.369700 ms  DeleteObjects: 0.043700 ms)

========================================================================
Received Prepare
Registering precompiled user dll's ...
Registered in 0.000450 seconds.
Begin MonoManager ReloadAssembly
Native extension for WindowsStandalone target not found
Refreshing native plugins compatible for Editor in 0.18 ms, found 0 plugins.
Preloading 0 native plugins for Editor in 0.00 ms.
Mono: successfully reloaded assembly
- Completed reload, in  0.723 seconds
Platform modules already initialized, skipping
Refreshing native plugins compatible for Editor in 0.18 ms, found 0 plugins.
Preloading 0 native plugins for Editor in 0.00 ms.
Unloading 1113 Unused Serialized files (Serialized files now loaded: 0)
System memory in use before: 60.6 MB.
System memory in use after: 60.7 MB.

Unloading 5 unused Assets to reduce memory usage. Loaded Objects now: 1642.
Total: 1.412500 ms (FindLiveObjects: 0.122400 ms CreateObjectMapping: 0.034800 ms MarkObjects: 1.197900 ms  DeleteObjects: 0.056500 ms)

========================================================================
Received Import Request.
  Time since last request: 5413.468510 seconds.
  path: ProjectSettings/TagManager.asset
  artifactKey: Guid(00000000000000003000000000000000) Importer(815301076,1909f56bfc062723c751e8b465ee728b)
Start importing ProjectSettings/TagManager.asset using Guid(00000000000000003000000000000000) Importer(815301076,1909f56bfc062723c751e8b465ee728b)  -> (artifact id: 'ac41f7bd89d04ad7d1b194fb8c39b622') in 0.028372 seconds
  Import took 0.052417 seconds .

========================================================================
Received Import Request.
  Time since last request: 40.019481 seconds.
  path: Assets/Resources/playerMat.mat
  artifactKey: Guid(d26dbeeb32416fc4792ba0e83216cc26) Importer(815301076,1909f56bfc062723c751e8b465ee728b)
Start importing Assets/Resources/playerMat.mat using Guid(d26dbeeb32416fc4792ba0e83216cc26) Importer(815301076,1909f56bfc062723c751e8b465ee728b)  -> (artifact id: '1fa1d282a0eae41f5f5ce66f7fd8f677') in 0.064380 seconds
  Import took 0.066435 seconds .

========================================================================
Received Import Request.
  Time since last request: 32.912165 seconds.
  path: Assets/scripts/PlayerMove.cs
  artifactKey: Guid(a52c572311a9b78408911debe472d1d7) Importer(815301076,1909f56bfc062723c751e8b465ee728b)
Start importing Assets/scripts/PlayerMove.cs using Guid(a52c572311a9b78408911debe472d1d7) Importer(815301076,1909f56bfc062723c751e8b465ee728b)  -> (artifact id: '77443f6918b2779008e2fd90eb9e79cd') in 0.005902 seconds
  Import took 0.007720 seconds .

========================================================================
Received Prepare
Registering precompiled user dll's ...
Registered in 0.000428 seconds.
Begin MonoManager ReloadAssembly
Native extension for WindowsStandalone target not found
Refreshing native plugins compatible for Editor in 0.18 ms, found 0 plugins.
Preloading 0 native plugins for Editor in 0.00 ms.
Mono: successfully reloaded assembly
- Completed reload, in  0.712 seconds
Platform modules already initialized, skipping
Refreshing native plugins compatible for Editor in 0.18 ms, found 0 plugins.
Preloading 0 native plugins for Editor in 0.00 ms.
Unloading 1114 Unused Serialized files (Serialized files now loaded: 0)
System memory in use before: 60.6 MB.
System memory in use after: 60.7 MB.

Unloading 6 unused Assets to reduce memory usage. Loaded Objects now: 1647.
Total: 1.367200 ms (FindLiveObjects: 0.124200 ms CreateObjectMapping: 0.032200 ms MarkObjects: 1.170100 ms  DeleteObjects: 0.039600 ms)

========================================================================
Received Import Request.
  Time since last request: 67.764910 seconds.
  path: Assets/scripts/TacticsMove.cs
  artifactKey: Guid(2ad382acb2ec02c45aed75e517c0e95d) Importer(815301076,1909f56bfc062723c751e8b465ee728b)
Start importing Assets/scripts/TacticsMove.cs using Guid(2ad382acb2ec02c45aed75e517c0e95d) Importer(815301076,1909f56bfc062723c751e8b465ee728b)  -> (artifact id: '6edaf2620808cec02cb90c32e0c4a196') in 0.007576 seconds
  Import took 0.009527 seconds .

========================================================================
Received Import Request.
  Time since last request: 0.000950 seconds.
  path: Assets/scripts/TacticsMove.cs
  artifactKey: Guid(2ad382acb2ec02c45aed75e517c0e95d) Importer(815301076,1909f56bfc062723c751e8b465ee728b)
Start importing Assets/scripts/TacticsMove.cs using Guid(2ad382acb2ec02c45aed75e517c0e95d) Importer(815301076,1909f56bfc062723c751e8b465ee728b)  -> (artifact id: '6edaf2620808cec02cb90c32e0c4a196') in 0.002425 seconds
  Import took 0.004267 seconds .

========================================================================
Received Prepare
Registering precompiled user dll's ...
Registered in 0.000415 seconds.
Begin MonoManager ReloadAssembly
Native extension for WindowsStandalone target not found
Refreshing native plugins compatible for Editor in 0.18 ms, found 0 plugins.
Preloading 0 native plugins for Editor in 0.00 ms.
Mono: successfully reloaded assembly
- Completed reload, in  0.732 seconds
Platform modules already initialized, skipping
Refreshing native plugins compatible for Editor in 0.19 ms, found 0 plugins.
Preloading 0 native plugins for Editor in 0.00 ms.
Unloading 1115 Unused Serialized files (Serialized files now loaded: 0)
System memory in use before: 60.7 MB.
System memory in use after: 60.7 MB.

Unloading 5 unused Assets to reduce memory usage. Loaded Objects now: 1651.
Total: 1.476700 ms (FindLiveObjects: 0.115500 ms CreateObjectMapping: 0.031500 ms MarkObjects: 1.287900 ms  DeleteObjects: 0.040900 ms)

========================================================================
Received Prepare
Registering precompiled user dll's ...
Registered in 0.000474 seconds.
Begin MonoManager ReloadAssembly
Native extension for WindowsStandalone target not found
Refreshing native plugins compatible for Editor in 0.19 ms, found 0 plugins.
Preloading 0 native plugins for Editor in 0.00 ms.
Mono: successfully reloaded assembly
- Completed reload, in  0.728 seconds
Platform modules already initialized, skipping
Refreshing native plugins compatible for Editor in 0.34 ms, found 0 plugins.
Preloading 0 native plugins for Editor in 0.00 ms.
Unloading 1115 Unused Serialized files (Serialized files now loaded: 0)
System memory in use before: 60.7 MB.
System memory in use after: 60.7 MB.

Unloading 5 unused Assets to reduce memory usage. Loaded Objects now: 1654.
Total: 1.894000 ms (FindLiveObjects: 0.228500 ms CreateObjectMapping: 0.114300 ms MarkObjects: 1.495300 ms  DeleteObjects: 0.054400 ms)

========================================================================
Received Import Request.
  Time since last request: 154.217065 seconds.
  path: Assets/scripts/TacticsMove.cs
  artifactKey: Guid(2ad382acb2ec02c45aed75e517c0e95d) Importer(815301076,1909f56bfc062723c751e8b465ee728b)
Start importing Assets/scripts/TacticsMove.cs using Guid(2ad382acb2ec02c45aed75e517c0e95d) Importer(815301076,1909f56bfc062723c751e8b465ee728b)  -> (artifact id: 'c28294a7518379b1bcba80f7b0deb1cf') in 0.003916 seconds
  Import took 0.005905 seconds .

========================================================================
Received Prepare
Registering precompiled user dll's ...
Registered in 0.000444 seconds.
Begin MonoManager ReloadAssembly
Native extension for WindowsStandalone target not found
Refreshing native plugins compatible for Editor in 0.18 ms, found 0 plugins.
Preloading 0 native plugins for Editor in 0.00 ms.
Mono: successfully reloaded assembly
- Completed reload, in  0.730 seconds
Platform modules already initialized, skipping
Refreshing native plugins compatible for Editor in 0.23 ms, found 0 plugins.
Preloading 0 native plugins for Editor in 0.00 ms.
Unloading 1115 Unused Serialized files (Serialized files now loaded: 0)
System memory in use before: 60.7 MB.
System memory in use after: 60.7 MB.

Unloading 5 unused Assets to reduce memory usage. Loaded Objects now: 1657.
Total: 1.776700 ms (FindLiveObjects: 0.147300 ms CreateObjectMapping: 0.048100 ms MarkObjects: 1.528200 ms  DeleteObjects: 0.052000 ms)

========================================================================
Received Import Request.
  Time since last request: 183.056485 seconds.
  path: Assets/scripts/Tile.cs
  artifactKey: Guid(ce27f6ce928d7ea4c9592b75a9be6cc7) Importer(815301076,1909f56bfc062723c751e8b465ee728b)
Start importing Assets/scripts/Tile.cs using Guid(ce27f6ce928d7ea4c9592b75a9be6cc7) Importer(815301076,1909f56bfc062723c751e8b465ee728b)  -> (artifact id: '56f3798bc474986ebf2add1255b9c967') in 0.008907 seconds
  Import took 0.011077 seconds .

========================================================================
Received Prepare
Registering precompiled user dll's ...
Registered in 0.000420 seconds.
Begin MonoManager ReloadAssembly
Native extension for WindowsStandalone target not found
Refreshing native plugins compatible for Editor in 0.19 ms, found 0 plugins.
Preloading 0 native plugins for Editor in 0.00 ms.
Mono: successfully reloaded assembly
- Completed reload, in  0.745 seconds
Platform modules already initialized, skipping
Refreshing native plugins compatible for Editor in 0.18 ms, found 0 plugins.
Preloading 0 native plugins for Editor in 0.00 ms.
Unloading 1115 Unused Serialized files (Serialized files now loaded: 0)
System memory in use before: 60.7 MB.
System memory in use after: 60.7 MB.

Unloading 5 unused Assets to reduce memory usage. Loaded Objects now: 1660.
Total: 1.439700 ms (FindLiveObjects: 0.123200 ms CreateObjectMapping: 0.031400 ms MarkObjects: 1.240200 ms  DeleteObjects: 0.044000 ms)

========================================================================
Received Prepare
Registering precompiled user dll's ...
Registered in 0.000455 seconds.
Begin MonoManager ReloadAssembly
Native extension for WindowsStandalone target not found
Refreshing native plugins compatible for Editor in 0.18 ms, found 0 plugins.
Preloading 0 native plugins for Editor in 0.00 ms.
Mono: successfully reloaded assembly
- Completed reload, in  0.741 seconds
Platform modules already initialized, skipping
Refreshing native plugins compatible for Editor in 0.18 ms, found 0 plugins.
Preloading 0 native plugins for Editor in 0.00 ms.
Unloading 1115 Unused Serialized files (Serialized files now loaded: 0)
System memory in use before: 60.7 MB.
System memory in use after: 60.7 MB.

Unloading 5 unused Assets to reduce memory usage. Loaded Objects now: 1663.
Total: 1.334300 ms (FindLiveObjects: 0.111700 ms CreateObjectMapping: 0.031300 ms MarkObjects: 1.150400 ms  DeleteObjects: 0.040100 ms)

========================================================================
Received Prepare
Registering precompiled user dll's ...
Registered in 0.000447 seconds.
Begin MonoManager ReloadAssembly
Native extension for WindowsStandalone target not found
Refreshing native plugins compatible for Editor in 0.24 ms, found 0 plugins.
Preloading 0 native plugins for Editor in 0.00 ms.
Mono: successfully reloaded assembly
- Completed reload, in  0.911 seconds
Platform modules already initialized, skipping
Refreshing native plugins compatible for Editor in 0.42 ms, found 0 plugins.
Preloading 0 native plugins for Editor in 0.00 ms.
Unloading 1115 Unused Serialized files (Serialized files now loaded: 0)
System memory in use before: 60.7 MB.
System memory in use after: 60.8 MB.

Unloading 5 unused Assets to reduce memory usage. Loaded Objects now: 1666.
Total: 1.895600 ms (FindLiveObjects: 0.148000 ms CreateObjectMapping: 0.042600 ms MarkObjects: 1.647900 ms  DeleteObjects: 0.055700 ms)

AssetImportWorkerClient::OnTransportError - code=2 error=End of file
